<?xml version="1.0" encoding="UTF-8"?>
<!-- Generated by org.testng.reporters.JUnitReportReporter -->
<testsuite name="com.scripts.RegestrationTest" tests="1" time="17.419" ignored="0" failures="0" timestamp="07 Mar 2017 06:29:35 GMT" skipped="0" hostname="CBT-031" errors="0">
  <testcase name="register1" time="17.419" classname="com.scripts.RegestrationTest"/>
</testsuite> <!-- com.scripts.RegestrationTest -->
