<?xml version="1.0" encoding="UTF-8"?>
<!-- Generated by org.testng.reporters.JUnitReportReporter -->
<testsuite name="com.scripts.RegestrationTest" tests="1" time="20.208" ignored="0" failures="0" timestamp="03 Mar 2017 10:05:49 GMT" skipped="0" hostname="CBT-031" errors="0">
  <testcase name="register" time="20.208" classname="com.scripts.RegestrationTest"/>
</testsuite> <!-- com.scripts.RegestrationTest -->
