<?xml version="1.0" encoding="UTF-8"?>
<!-- Generated by org.testng.reporters.JUnitReportReporter -->
<testsuite name="com.scripts.RegestrationTest" tests="2" time="44.365" ignored="0" failures="0" timestamp="03 Mar 2017 14:00:12 GMT" skipped="0" hostname="CBT-031" errors="0">
  <testcase name="register1" time="20.955" classname="com.scripts.RegestrationTest"/>
  <testcase name="register1" time="23.410" classname="com.scripts.RegestrationTest"/>
</testsuite> <!-- com.scripts.RegestrationTest -->
